<?xml version="1.0" encoding="UTF-8"?>
<testsuite name="logic.item.armor.ArmorTest$HardstoneArmorTests" tests="15" skipped="0" failures="0" errors="0" timestamp="2026-03-06T01:23:53.813Z" hostname="JAMES" time="0.007">
  <properties/>
  <testcase name="craftingPrice()" classname="logic.item.armor.ArmorTest$HardstoneArmorTests" time="0.001"/>
  <testcase name="craft_deductsGold()" classname="logic.item.armor.ArmorTest$HardstoneArmorTests" time="0.0"/>
  <testcase name="recipeSize()" classname="logic.item.armor.ArmorTest$HardstoneArmorTests" time="0.0"/>
  <testcase name="recipeContainsNormalStone()" classname="logic.item.armor.ArmorTest$HardstoneArmorTests" time="0.001"/>
  <testcase name="recipeContainsHardStone()" classname="logic.item.armor.ArmorTest$HardstoneArmorTests" time="0.0"/>
  <testcase name="hp()" classname="logic.item.armor.ArmorTest$HardstoneArmorTests" time="0.0"/>
  <testcase name="atk()" classname="logic.item.armor.ArmorTest$HardstoneArmorTests" time="0.0"/>
  <testcase name="def()" classname="logic.item.armor.ArmorTest$HardstoneArmorTests" time="0.001"/>
  <testcase name="spd()" classname="logic.item.armor.ArmorTest$HardstoneArmorTests" time="0.0"/>
  <testcase name="name()" classname="logic.item.armor.ArmorTest$HardstoneArmorTests" time="0.0"/>
  <testcase name="canCraft_falseWhenNotEnoughNormalStone()" classname="logic.item.armor.ArmorTest$HardstoneArmorTests" time="0.001"/>
  <testcase name="canCraft_falseWhenNotEnoughHardStone()" classname="logic.item.armor.ArmorTest$HardstoneArmorTests" time="0.0"/>
  <testcase name="craft_consumesMaterials()" classname="logic.item.armor.ArmorTest$HardstoneArmorTests" time="0.0"/>
  <testcase name="equip_increasesDefAndMaxHp()" classname="logic.item.armor.ArmorTest$HardstoneArmorTests" time="0.001"/>
  <testcase name="canCraft_trueWhenHasAllMaterials()" classname="logic.item.armor.ArmorTest$HardstoneArmorTests" time="0.0"/>
  <system-out><![CDATA[]]></system-out>
  <system-err><![CDATA[]]></system-err>
</testsuite>
